writeCommonTags: couldn't write 'year' tag to 'Portable/[Cls] iRelax 5CD/iRelax - Anywhere/iRelax - Anywhere.ape' as it's not a positive integer
writeCommonTags: couldn't write 'track' tag to 'Portable/[Cls] iRelax 5CD/iRelax - Anywhere/iRelax - Anywhere.ape' as it's not a positive integer
writeCommonTags: couldn't write 'year' tag to 'ｎｉｎｔｅｎｄｏ ａｎｄ ｌｏｆｉ.m4a' as it's not a positive integer
writeCommonTags: couldn't write 'track' tag to 'ｎｉｎｔｅｎｄｏ ａｎｄ ｌｏｆｉ.m4a' as it's not a positive integer
writeCommonTags: couldn't write 'year' tag to 'ｎｉｎｔｅｎｄｏ ａｎｄ ｌｏｆｉ.m4a' as it's not a positive integer
writeCommonTags: couldn't write 'track' tag to 'ｎｉｎｔｅｎｄｏ ａｎｄ ｌｏｆｉ.m4a' as it's not a positive integer
writeCommonTags: couldn't write 'year' tag to 'HY - 366 日 (OST 赤い糸) Free Translation.m4a' as it's not a positive integer
writeCommonTags: couldn't write 'track' tag to 'HY - 366 日 (OST 赤い糸) Free Translation.m4a' as it's not a positive integer
writeCommonTags: couldn't write 'year' tag to 'Kobukuro - Hilo Rojo [SubsEspañol-Akai Ito].m4a' as it's not a positive integer
writeCommonTags: couldn't write 'track' tag to 'Kobukuro - Hilo Rojo [SubsEspañol-Akai Ito].m4a' as it's not a positive integer
writeCommonTags: couldn't write 'year' tag to 'Stickerbrush Symphony - Donkey Kong Country 2 _ Jazz Cover.m4a' as it's not a positive integer
writeCommonTags: couldn't write 'track' tag to 'Stickerbrush Symphony - Donkey Kong Country 2 _ Jazz Cover.m4a' as it's not a positive integer
writeCommonTags: couldn't write 'year' tag to 'Miles Davis Quintet - It Never Entered My Mind.m4a' as it's not a positive integer
writeCommonTags: couldn't write 'track' tag to 'Miles Davis Quintet - It Never Entered My Mind.m4a' as it's not a positive integer
writeCommonTags: couldn't write 'year' tag to 'Miles Davis - Smoke gets in your eyes.m4a' as it's not a positive integer
writeCommonTags: couldn't write 'track' tag to 'Miles Davis - Smoke gets in your eyes.m4a' as it's not a positive integer
writeCommonTags: couldn't write 'year' tag to 'Julie London - I'm In The Mood For Love.m4a' as it's not a positive integer
writeCommonTags: couldn't write 'track' tag to 'Julie London - I'm In The Mood For Love.m4a' as it's not a positive integer
writeCommonTags: couldn't write 'year' tag to 'Doris Day - Dream A Little Dream of Me.m4a' as it's not a positive integer
writeCommonTags: couldn't write 'track' tag to 'Doris Day - Dream A Little Dream of Me.m4a' as it's not a positive integer
writeCommonTags: couldn't write 'year' tag to 'KING QUARTZ - ｆｉｒｓｔ ｆｌｉｇｈｔ.m4a' as it's not a positive integer
writeCommonTags: couldn't write 'track' tag to 'KING QUARTZ - ｆｉｒｓｔ ｆｌｉｇｈｔ.m4a' as it's not a positive integer
